Performing C SOURCE FILE Test CMAKE_HAVE_LIBC_PTHREAD failed with the following output:
Change Dir: /home/6ima2/tristan.debeaune/Documents/prog_open_gl/OPENGL_2/build/CMakeFiles/CMakeTmp

Run Build Command(s):/usr/bin/gmake cmTC_4e297/fast && /usr/bin/gmake  -f CMakeFiles/cmTC_4e297.dir/build.make CMakeFiles/cmTC_4e297.dir/build
gmake[1] : on entre dans le répertoire « /home/6ima2/tristan.debeaune/Documents/prog_open_gl/OPENGL_2/build/CMakeFiles/CMakeTmp »
Building C object CMakeFiles/cmTC_4e297.dir/src.c.o
/usr/bin/clang   -DCMAKE_HAVE_LIBC_PTHREAD -o CMakeFiles/cmTC_4e297.dir/src.c.o -c /home/6ima2/tristan.debeaune/Documents/prog_open_gl/OPENGL_2/build/CMakeFiles/CMakeTmp/src.c
Linking C executable cmTC_4e297
/usr/bin/cmake -E cmake_link_script CMakeFiles/cmTC_4e297.dir/link.txt --verbose=1
/usr/bin/clang  -DCMAKE_HAVE_LIBC_PTHREAD CMakeFiles/cmTC_4e297.dir/src.c.o -o cmTC_4e297 
/usr/bin/ld : CMakeFiles/cmTC_4e297.dir/src.c.o : dans la fonction « main » :
src.c:(.text+0x35) : référence indéfinie vers « pthread_create »
/usr/bin/ld : src.c:(.text+0x41) : référence indéfinie vers « pthread_detach »
/usr/bin/ld : src.c:(.text+0x4d) : référence indéfinie vers « pthread_cancel »
/usr/bin/ld : src.c:(.text+0x5f) : référence indéfinie vers « pthread_join »
clang: error: linker command failed with exit code 1 (use -v to see invocation)
gmake[1]: *** [CMakeFiles/cmTC_4e297.dir/build.make:106 : cmTC_4e297] Erreur 1
gmake[1] : on quitte le répertoire « /home/6ima2/tristan.debeaune/Documents/prog_open_gl/OPENGL_2/build/CMakeFiles/CMakeTmp »
gmake: *** [Makefile:140 : cmTC_4e297/fast] Erreur 2


Source file was:
#include <pthread.h>

void* test_func(void* data)
{
  return data;
}

int main(void)
{
  pthread_t thread;
  pthread_create(&thread, NULL, test_func, NULL);
  pthread_detach(thread);
  pthread_cancel(thread);
  pthread_join(thread, NULL);
  pthread_atfork(NULL, NULL, NULL);
  pthread_exit(NULL);

  return 0;
}

Determining if the function pthread_create exists in the pthreads failed with the following output:
Change Dir: /home/6ima2/tristan.debeaune/Documents/prog_open_gl/OPENGL_2/build/CMakeFiles/CMakeTmp

Run Build Command(s):/usr/bin/gmake cmTC_8678b/fast && /usr/bin/gmake  -f CMakeFiles/cmTC_8678b.dir/build.make CMakeFiles/cmTC_8678b.dir/build
gmake[1] : on entre dans le répertoire « /home/6ima2/tristan.debeaune/Documents/prog_open_gl/OPENGL_2/build/CMakeFiles/CMakeTmp »
Building C object CMakeFiles/cmTC_8678b.dir/CheckFunctionExists.c.o
/usr/bin/clang   -DCHECK_FUNCTION_EXISTS=pthread_create -o CMakeFiles/cmTC_8678b.dir/CheckFunctionExists.c.o -c /usr/share/cmake-3.18/Modules/CheckFunctionExists.c
Linking C executable cmTC_8678b
/usr/bin/cmake -E cmake_link_script CMakeFiles/cmTC_8678b.dir/link.txt --verbose=1
/usr/bin/clang  -DCHECK_FUNCTION_EXISTS=pthread_create CMakeFiles/cmTC_8678b.dir/CheckFunctionExists.c.o -o cmTC_8678b  -lpthreads 
/usr/bin/ld : ne peut trouver -lpthreads
clang: error: linker command failed with exit code 1 (use -v to see invocation)
gmake[1]: *** [CMakeFiles/cmTC_8678b.dir/build.make:106 : cmTC_8678b] Erreur 1
gmake[1] : on quitte le répertoire « /home/6ima2/tristan.debeaune/Documents/prog_open_gl/OPENGL_2/build/CMakeFiles/CMakeTmp »
gmake: *** [Makefile:140 : cmTC_8678b/fast] Erreur 2



